[Appium] Welcome to Appium v1.7.1
[Appium] Non-default server args:
[Appium]   port: 50122
[Appium]   chromeDriverPort: 50125
[Appium]   tmpDir: /var/folders/nm/yp1xh6b12dg_c2mz4s8k90n40000gq/T//Katalon/Appium/Temp1516852370408
[Appium]   webkitDebugProxyPort: 50119
[Appium] Appium REST http interface listener started on 0.0.0.0:50122
[HTTP] --> GET /wd/hub/status {}
[debug] [MJSONWP] Calling AppiumDriver.getStatus() with args: []
[debug] [MJSONWP] Responding to client with driver.getStatus() result: {"build":{"version":"1.7.1","revision":null}}
[HTTP] <-- GET /wd/hub/status 200 174 ms - 83 
[HTTP] --> POST /wd/hub/session {"desiredCapabilities":{"app":"/Users/aekachaiboonruang/Library/Developer/Xcode/DerivedData/WebDriverAgent-brdadhpuduowllgivnnvuygpwhzy/Build/Products/Debug-iphoneos/IntegrationApp.app","automationName":"XCUITest","deviceId":"FDE75A67-D81A-4BDF-8E50-85F2E8DA3FF5","deviceName":"iPhone 7","fullReset":true,"newCommandTimeout":1800,"noReset":false,"platform":"IOS","platformName":"iOS","platformVersion":"11.2","realDeviceLogger":"/Applications/Katalon Studio.app/Contents/Eclipse/configuration/resources/tools/deviceconsole/deviceconsole","waitForAppScript":"true;","waitForQuiescence":true,"wdaLocalPort":50118},"capabilities":{"desiredCapabilities":{"app":"/Users/aekachaiboonruang/Library/Developer/Xcode/DerivedData/WebDriverAgent-brdadhpuduowllgivnnvuygpwhzy/Build/Products/Debug-iphoneos/IntegrationApp.app","automationName":"XCUITest","deviceId":"FDE75A67-D81A-4BDF-8E50-85F2E8DA3FF5","deviceName":"iPhone 7","fullReset":true,"newCommandTimeout":1800,"noReset":false,"platform":"IOS","platformN
[debug] [MJSONWP] Calling AppiumDriver.createSession() with args: [{"app":"/Users/aekachaiboonruang/Library/Developer/Xcode/DerivedData/WebDriverAgent-brdadhpuduowllgivnnvuygpwhzy/Build/Products/Debug-iphoneos/IntegrationApp.app","automationName":"XCUITest","deviceId":"FDE75A67-D81A-4BDF-8E50-85F2E8DA3FF5","deviceName":"iPhone 7","fullReset":true,"newCommandTimeout":1800,"noReset":false,"platform":"IOS","platformName":"iOS","platformVersion":"11.2","realDeviceLogger":"/Applications/Katalon Studio.app/Contents/Eclipse/configuration/resources/tools/deviceconsole/deviceconsole","waitForAppScript":"true;","waitForQuiescence":true,"wdaLocalPort":50118},null,{"desiredCapabilities":{"app":"/Users/aekachaiboonruang/Library/Developer/Xcode/DerivedData/WebDriverAgent-brdadhpuduowllgivnnvuygpwhzy/Build/Products/Debug-iphoneos/IntegrationApp.app","automationName":"XCUITest","deviceId":"FDE75A67-D81A-4BDF-8E50-85F2E8DA3FF5","deviceName":"iPhone 7","fullReset":true,"newCommandTimeout":1800,"noReset":false,"platform":"IOS","platformName":"iOS","platformVersion":"11.2","realDeviceLogger...
[debug] [BaseDriver] Event 'newSessionRequested' logged at 1516852388760 (10:53:08 GMT+0700 (+07))
[Appium] Creating new XCUITestDriver (v2.51.1) session
[Appium] Capabilities:
[Appium]   app: '/Users/aekachaiboonruang/Library/Developer/Xcode/DerivedData/WebDriverAgent-brdadhpuduowllgivnnvuygpwhzy/Build/Products/Debug-iphoneos/IntegrationApp.app'
[Appium]   automationName: 'XCUITest'
[Appium]   deviceId: 'FDE75A67-D81A-4BDF-8E50-85F2E8DA3FF5'
[Appium]   deviceName: 'iPhone 7'
[Appium]   fullReset: true
[Appium]   newCommandTimeout: 1800
[Appium]   noReset: false
[Appium]   platform: 'IOS'
[Appium]   platformName: 'iOS'
[Appium]   platformVersion: '11.2'
[Appium]   realDeviceLogger: '/Applications/Katalon Studio.app/Contents/Eclipse/configuration/resources/tools/deviceconsole/deviceconsole'
[Appium]   waitForAppScript: 'true;'
[Appium]   waitForQuiescence: true
[Appium]   wdaLocalPort: 50118
[BaseDriver] The following capabilities were provided, but are not recognized by appium: deviceId, platform.
[BaseDriver] Session created with session id: 8874f986-621c-454b-90e1-3f077ca1e857
[debug] [XCUITest] Xcode version set to '9.2' (tools v9.2.0.0.1.1510905681)
[debug] [XCUITest] iOS SDK Version set to '11.2'
[debug] [BaseDriver] Event 'xcodeDetailsRetrieved' logged at 1516852392803 (10:53:12 GMT+0700 (+07))
[iOSSim] Constructing iOS simulator for Xcode version 9.2 with udid 'FDE75A67-D81A-4BDF-8E50-85F2E8DA3FF5'
[XCUITest] Determining device to run tests on: udid: 'FDE75A67-D81A-4BDF-8E50-85F2E8DA3FF5', real device: false
[BaseDriver] Using local app '/Users/aekachaiboonruang/Library/Developer/Xcode/DerivedData/WebDriverAgent-brdadhpuduowllgivnnvuygpwhzy/Build/Products/Debug-iphoneos/IntegrationApp.app'
[debug] [BaseDriver] Event 'appConfigured' logged at 1516852394385 (10:53:14 GMT+0700 (+07))
[debug] [XCUITest] Checking whether app '/Users/aekachaiboonruang/Library/Developer/Xcode/DerivedData/WebDriverAgent-brdadhpuduowllgivnnvuygpwhzy/Build/Products/Debug-iphoneos/IntegrationApp.app' is actually present on file system
[debug] [XCUITest] App is present
[debug] [iOS] Getting bundle ID from app '/Users/aekachaiboonruang/Library/Developer/Xcode/DerivedData/WebDriverAgent-brdadhpuduowllgivnnvuygpwhzy/Build/Products/Debug-iphoneos/IntegrationApp.app': 'com.riderrtest.IntegrationApp'
[debug] [BaseDriver] Event 'resetStarted' logged at 1516852394402 (10:53:14 GMT+0700 (+07))
[debug] [XCUITest] Reset: fullReset is on. Cleaning simulator
[debug] [XCUITest] Killing running processes 'xcodebuild.*FDE75A67-D81A-4BDF-8E50-85F2E8DA3FF5, FDE75A67-D81A-4BDF-8E50-85F2E8DA3FF5.*XCTRunner' for the device FDE75A67-D81A-4BDF-8E50-85F2E8DA3FF5...
[debug] [XCUITest] 'pgrep -nif xcodebuild.*FDE75A67-D81A-4BDF-8E50-85F2E8DA3FF5' didn't detect any matching processes. Return code: 1
[debug] [XCUITest] 'pgrep -nif FDE75A67-D81A-4BDF-8E50-85F2E8DA3FF5.*XCTRunner' didn't detect any matching processes. Return code: 1
[iOSSim] Cleaning simulator FDE75A67-D81A-4BDF-8E50-85F2E8DA3FF5
[debug] [XCUITest] Not clearing log files. Use `clearSystemFiles` capability to turn on.
[HTTP] <-- POST /wd/hub/session 500 492169 ms - 331 
