[Appium] Welcome to Appium v1.7.1
[Appium] Non-default server args:
[Appium]   port: 51113
[Appium]   chromeDriverPort: 51114
[Appium]   tmpDir: /var/folders/nm/yp1xh6b12dg_c2mz4s8k90n40000gq/T//Katalon/Appium/Temp1516854881757
[Appium]   webkitDebugProxyPort: 51111
[Appium] Appium REST http interface listener started on 0.0.0.0:51113
[HTTP] --> GET /wd/hub/status {}
[debug] [MJSONWP] Calling AppiumDriver.getStatus() with args: []
[debug] [MJSONWP] Responding to client with driver.getStatus() result: {"build":{"version":"1.7.1","revision":null}}
[HTTP] <-- GET /wd/hub/status 200 23 ms - 83 
[HTTP] --> POST /wd/hub/session {"desiredCapabilities":{"app":"/Users/aekachaiboonruang/Desktop/DEV-Arbotena.app","automationName":"XCUITest","deviceId":"FDE75A67-D81A-4BDF-8E50-85F2E8DA3FF5","deviceName":"iPhone 7","fullReset":true,"newCommandTimeout":1800,"noReset":false,"platform":"IOS","platformName":"iOS","platformVersion":"11.2","realDeviceLogger":"/Applications/Katalon Studio.app/Contents/Eclipse/configuration/resources/tools/deviceconsole/deviceconsole","waitForAppScript":"true;","waitForQuiescence":true,"wdaLocalPort":51110},"capabilities":{"desiredCapabilities":{"app":"/Users/aekachaiboonruang/Desktop/DEV-Arbotena.app","automationName":"XCUITest","deviceId":"FDE75A67-D81A-4BDF-8E50-85F2E8DA3FF5","deviceName":"iPhone 7","fullReset":true,"newCommandTimeout":1800,"noReset":false,"platform":"IOS","platformName":"iOS","platformVersion":"11.2","realDeviceLogger":"/Applications/Katalon Studio.app/Contents/Eclipse/configuration/resources/tools/deviceconsole/deviceconsole","waitForAppScript":"true;","waitForQuiescen
[debug] [MJSONWP] Calling AppiumDriver.createSession() with args: [{"app":"/Users/aekachaiboonruang/Desktop/DEV-Arbotena.app","automationName":"XCUITest","deviceId":"FDE75A67-D81A-4BDF-8E50-85F2E8DA3FF5","deviceName":"iPhone 7","fullReset":true,"newCommandTimeout":1800,"noReset":false,"platform":"IOS","platformName":"iOS","platformVersion":"11.2","realDeviceLogger":"/Applications/Katalon Studio.app/Contents/Eclipse/configuration/resources/tools/deviceconsole/deviceconsole","waitForAppScript":"true;","waitForQuiescence":true,"wdaLocalPort":51110},null,{"desiredCapabilities":{"app":"/Users/aekachaiboonruang/Desktop/DEV-Arbotena.app","automationName":"XCUITest","deviceId":"FDE75A67-D81A-4BDF-8E50-85F2E8DA3FF5","deviceName":"iPhone 7","fullReset":true,"newCommandTimeout":1800,"noReset":false,"platform":"IOS","platformName":"iOS","platformVersion":"11.2","realDeviceLogger":"/Applications/Katalon Studio.app/Contents/Eclipse/configuration/resources/tools/deviceconsole/deviceconsole","waitForAppScript":"true;","waitForQuiescence":true,"wdaLocalPort":51110},"firstMatch":[{"platfo...
[debug] [BaseDriver] Event 'newSessionRequested' logged at 1516854903132 (11:35:03 GMT+0700 (+07))
[Appium] Creating new XCUITestDriver (v2.51.1) session
[Appium] Capabilities:
[Appium]   app: '/Users/aekachaiboonruang/Desktop/DEV-Arbotena.app'
[Appium]   automationName: 'XCUITest'
[Appium]   deviceId: 'FDE75A67-D81A-4BDF-8E50-85F2E8DA3FF5'
[Appium]   deviceName: 'iPhone 7'
[Appium]   fullReset: true
[Appium]   newCommandTimeout: 1800
[Appium]   noReset: false
[Appium]   platform: 'IOS'
[Appium]   platformName: 'iOS'
[Appium]   platformVersion: '11.2'
[Appium]   realDeviceLogger: '/Applications/Katalon Studio.app/Contents/Eclipse/configuration/resources/tools/deviceconsole/deviceconsole'
[Appium]   waitForAppScript: 'true;'
[Appium]   waitForQuiescence: true
[Appium]   wdaLocalPort: 51110
[BaseDriver] The following capabilities were provided, but are not recognized by appium: deviceId, platform.
[BaseDriver] Session created with session id: 1f243b7d-8f4a-47d8-93c0-12327768e647
[debug] [XCUITest] Xcode version set to '9.2' (tools v9.2.0.0.1.1510905681)
[debug] [XCUITest] iOS SDK Version set to '11.2'
[debug] [BaseDriver] Event 'xcodeDetailsRetrieved' logged at 1516854907565 (11:35:07 GMT+0700 (+07))
[iOSSim] Constructing iOS simulator for Xcode version 9.2 with udid 'FDE75A67-D81A-4BDF-8E50-85F2E8DA3FF5'
[XCUITest] Determining device to run tests on: udid: 'FDE75A67-D81A-4BDF-8E50-85F2E8DA3FF5', real device: false
[BaseDriver] Using local app '/Users/aekachaiboonruang/Desktop/DEV-Arbotena.app'
[debug] [BaseDriver] Event 'appConfigured' logged at 1516854908638 (11:35:08 GMT+0700 (+07))
[debug] [XCUITest] Checking whether app '/Users/aekachaiboonruang/Desktop/DEV-Arbotena.app' is actually present on file system
[debug] [XCUITest] App is present
[debug] [iOS] Getting bundle ID from app '/Users/aekachaiboonruang/Desktop/DEV-Arbotena.app': 'com.20scoops.Arbotena.Development'
[debug] [BaseDriver] Event 'resetStarted' logged at 1516854908653 (11:35:08 GMT+0700 (+07))
[debug] [XCUITest] Reset: fullReset is on. Cleaning simulator
[debug] [XCUITest] Killing running processes 'xcodebuild.*FDE75A67-D81A-4BDF-8E50-85F2E8DA3FF5, FDE75A67-D81A-4BDF-8E50-85F2E8DA3FF5.*XCTRunner' for the device FDE75A67-D81A-4BDF-8E50-85F2E8DA3FF5...
[debug] [XCUITest] 'pgrep -nif xcodebuild.*FDE75A67-D81A-4BDF-8E50-85F2E8DA3FF5' didn't detect any matching processes. Return code: 1
[debug] [XCUITest] 'pgrep -nif FDE75A67-D81A-4BDF-8E50-85F2E8DA3FF5.*XCTRunner' didn't detect any matching processes. Return code: 1
[iOSSim] Cleaning simulator FDE75A67-D81A-4BDF-8E50-85F2E8DA3FF5
[debug] [BaseDriver] Event 'resetComplete' logged at 1516854940325 (11:35:40 GMT+0700 (+07))
[debug] [iOSLog] Starting iOS 11.2 simulator log capture
[debug] [iOSLog] System log path: /Users/aekachaiboonruang/Library/Logs/CoreSimulator/FDE75A67-D81A-4BDF-8E50-85F2E8DA3FF5/system.log
[debug] [BaseDriver] Event 'logCaptureStarted' logged at 1516854940790 (11:35:40 GMT+0700 (+07))
[XCUITest] Setting up simulator
[debug] [iOS] No reason to set locale
[debug] [iOS] No iOS / app preferences to set
[debug] [iOSSim] Setting common Simulator preferences to {"ConnectHardwareKeyboard":false}
[debug] [iOSSim] Updated shared Simulator preferences at '/Users/aekachaiboonruang/Library/Preferences/com.apple.iphonesimulator.plist' with {"ConnectHardwareKeyboard":false}
[debug] [iOSSim] The count of running Simulator UI client instances is 1
[iOSSim] Booting Simulator with UDID FDE75A67-D81A-4BDF-8E50-85F2E8DA3FF5...
[iOSSim] Simulator with UDID FDE75A67-D81A-4BDF-8E50-85F2E8DA3FF5 booted in 454 seconds
[debug] [BaseDriver] Event 'simStarted' logged at 1516855395879 (11:43:15 GMT+0700 (+07))
[debug] [XCUITest] Installing '/Users/aekachaiboonruang/Desktop/DEV-Arbotena.app' on Simulator with UUID 'FDE75A67-D81A-4BDF-8E50-85F2E8DA3FF5'...
[HTTP] <-- POST /wd/hub/session - - ms - - 
[HTTP] --> POST /wd/hub/session {"desiredCapabilities":{"app":"/Users/aekachaiboonruang/Desktop/DEV-Arbotena.app","automationName":"XCUITest","deviceId":"FDE75A67-D81A-4BDF-8E50-85F2E8DA3FF5","deviceName":"iPhone 7","fullReset":true,"newCommandTimeout":1800,"noReset":false,"platform":"IOS","platformName":"iOS","platformVersion":"11.2","realDeviceLogger":"/Applications/Katalon Studio.app/Contents/Eclipse/configuration/resources/tools/deviceconsole/deviceconsole","waitForAppScript":"true;","waitForQuiescence":true,"wdaLocalPort":51110},"capabilities":{"desiredCapabilities":{"app":"/Users/aekachaiboonruang/Desktop/DEV-Arbotena.app","automationName":"XCUITest","deviceId":"FDE75A67-D81A-4BDF-8E50-85F2E8DA3FF5","deviceName":"iPhone 7","fullReset":true,"newCommandTimeout":1800,"noReset":false,"platform":"IOS","platformName":"iOS","platformVersion":"11.2","realDeviceLogger":"/Applications/Katalon Studio.app/Contents/Eclipse/configuration/resources/tools/deviceconsole/deviceconsole","waitForAppScript":"true;","waitForQuiescen
[debug] [MJSONWP] Calling AppiumDriver.createSession() with args: [{"app":"/Users/aekachaiboonruang/Desktop/DEV-Arbotena.app","automationName":"XCUITest","deviceId":"FDE75A67-D81A-4BDF-8E50-85F2E8DA3FF5","deviceName":"iPhone 7","fullReset":true,"newCommandTimeout":1800,"noReset":false,"platform":"IOS","platformName":"iOS","platformVersion":"11.2","realDeviceLogger":"/Applications/Katalon Studio.app/Contents/Eclipse/configuration/resources/tools/deviceconsole/deviceconsole","waitForAppScript":"true;","waitForQuiescence":true,"wdaLocalPort":51110},null,{"desiredCapabilities":{"app":"/Users/aekachaiboonruang/Desktop/DEV-Arbotena.app","automationName":"XCUITest","deviceId":"FDE75A67-D81A-4BDF-8E50-85F2E8DA3FF5","deviceName":"iPhone 7","fullReset":true,"newCommandTimeout":1800,"noReset":false,"platform":"IOS","platformName":"iOS","platformVersion":"11.2","realDeviceLogger":"/Applications/Katalon Studio.app/Contents/Eclipse/configuration/resources/tools/deviceconsole/deviceconsole","waitForAppScript":"true;","waitForQuiescence":true,"wdaLocalPort":51110},"firstMatch":[{"platfo...
[debug] [BaseDriver] Event 'newSessionRequested' logged at 1516855505604 (11:45:05 GMT+0700 (+07))
[Appium] Creating new XCUITestDriver (v2.51.1) session
[Appium] Capabilities:
[Appium]   app: '/Users/aekachaiboonruang/Desktop/DEV-Arbotena.app'
[Appium]   automationName: 'XCUITest'
[Appium]   deviceId: 'FDE75A67-D81A-4BDF-8E50-85F2E8DA3FF5'
[Appium]   deviceName: 'iPhone 7'
[Appium]   fullReset: true
[Appium]   newCommandTimeout: 1800
[Appium]   noReset: false
[Appium]   platform: 'IOS'
[Appium]   platformName: 'iOS'
[Appium]   platformVersion: '11.2'
[Appium]   realDeviceLogger: '/Applications/Katalon Studio.app/Contents/Eclipse/configuration/resources/tools/deviceconsole/deviceconsole'
[Appium]   waitForAppScript: 'true;'
[Appium]   waitForQuiescence: true
[Appium]   wdaLocalPort: 51110
[BaseDriver] The following capabilities were provided, but are not recognized by appium: deviceId, platform.
[BaseDriver] Session created with session id: 9015dea8-070c-4ad1-91bc-ed30ebac8926
[debug] [XCUITest] Xcode version set to '9.2' (tools v9.2.0.0.1.1510905681)
[debug] [XCUITest] iOS SDK Version set to '11.2'
[debug] [BaseDriver] Event 'xcodeDetailsRetrieved' logged at 1516855517808 (11:45:17 GMT+0700 (+07))
[iOSSim] Constructing iOS simulator for Xcode version 9.2 with udid 'FDE75A67-D81A-4BDF-8E50-85F2E8DA3FF5'
[XCUITest] Determining device to run tests on: udid: 'FDE75A67-D81A-4BDF-8E50-85F2E8DA3FF5', real device: false
[BaseDriver] Using local app '/Users/aekachaiboonruang/Desktop/DEV-Arbotena.app'
[debug] [BaseDriver] Event 'appConfigured' logged at 1516855525659 (11:45:25 GMT+0700 (+07))
[debug] [XCUITest] Checking whether app '/Users/aekachaiboonruang/Desktop/DEV-Arbotena.app' is actually present on file system
[debug] [XCUITest] App is present
[debug] [iOS] Getting bundle ID from app '/Users/aekachaiboonruang/Desktop/DEV-Arbotena.app': 'com.20scoops.Arbotena.Development'
[debug] [BaseDriver] Event 'resetStarted' logged at 1516855525660 (11:45:25 GMT+0700 (+07))
[debug] [XCUITest] Reset: fullReset is on. Cleaning simulator
[debug] [XCUITest] Killing running processes 'xcodebuild.*FDE75A67-D81A-4BDF-8E50-85F2E8DA3FF5, FDE75A67-D81A-4BDF-8E50-85F2E8DA3FF5.*XCTRunner' for the device FDE75A67-D81A-4BDF-8E50-85F2E8DA3FF5...
[debug] [XCUITest] 'pgrep -nif xcodebuild.*FDE75A67-D81A-4BDF-8E50-85F2E8DA3FF5' didn't detect any matching processes. Return code: 1
[debug] [XCUITest] 'pgrep -nif FDE75A67-D81A-4BDF-8E50-85F2E8DA3FF5.*XCTRunner' didn't detect any matching processes. Return code: 1
[debug] [XCUITest] Not clearing log files. Use `clearSystemFiles` capability to turn on.
[debug] [iOSLog] Stopping iOS log capture
[iOSSim] Cleaning simulator FDE75A67-D81A-4BDF-8E50-85F2E8DA3FF5
[debug] [BaseDriver] Event 'resetComplete' logged at 1516855553498 (11:45:53 GMT+0700 (+07))
[debug] [iOSLog] Starting iOS 11.2 simulator log capture
[debug] [iOSLog] System log path: /Users/aekachaiboonruang/Library/Logs/CoreSimulator/FDE75A67-D81A-4BDF-8E50-85F2E8DA3FF5/system.log
[debug] [BaseDriver] Event 'logCaptureStarted' logged at 1516855553991 (11:45:53 GMT+0700 (+07))
[XCUITest] Setting up simulator
[debug] [iOS] No reason to set locale
[debug] [iOS] No iOS / app preferences to set
[debug] [iOSSim] Setting common Simulator preferences to {"ConnectHardwareKeyboard":false}
[debug] [iOSSim] Updated shared Simulator preferences at '/Users/aekachaiboonruang/Library/Preferences/com.apple.iphonesimulator.plist' with {"ConnectHardwareKeyboard":false}
[debug] [iOSSim] The count of running Simulator UI client instances is 1
[iOSSim] Booting Simulator with UDID FDE75A67-D81A-4BDF-8E50-85F2E8DA3FF5...
[iOSSim] Simulator with UDID FDE75A67-D81A-4BDF-8E50-85F2E8DA3FF5 booted in 397 seconds
[debug] [BaseDriver] Event 'simStarted' logged at 1516855952355 (11:52:32 GMT+0700 (+07))
[debug] [XCUITest] Installing '/Users/aekachaiboonruang/Desktop/DEV-Arbotena.app' on Simulator with UUID 'FDE75A67-D81A-4BDF-8E50-85F2E8DA3FF5'...
[HTTP] <-- POST /wd/hub/session - - ms - - 
[debug] [XCUITest] The app has been installed successfully.
[debug] [BaseDriver] Event 'appInstalled' logged at 1516856082713 (11:54:42 GMT+0700 (+07))
[XCUITest] Using WDA path: '/usr/local/lib/node_modules/appium/node_modules/appium-xcuitest-driver/WebDriverAgent'
[XCUITest] Using WDA agent: '/usr/local/lib/node_modules/appium/node_modules/appium-xcuitest-driver/WebDriverAgent/WebDriverAgent.xcodeproj'
[debug] [XCUITest] Capability 'useNewWDA' set to false, so trying to reuse currently running WDA instance at 'http://localhost:51110/'
[debug] [JSONWP Proxy] Proxying [GET /status] to [GET http://localhost:51110/status] with no body
[debug] [XCUITest] WDA is not listening at 'http://localhost:51110/'. Rebuilding...
[debug] [BaseDriver] Event 'wdaStartAttempted' logged at 1516856083258 (11:54:43 GMT+0700 (+07))
[XCUITest] Launching WebDriverAgent on the device
[debug] [XCUITest] Carthage found: '/Applications/Katalon Studio.app/Contents/Eclipse/configuration/resources/tools/carthage/0.18.1/etc/bash_completion.d/carthage'
[debug] [XCUITest] Killing running processes 'xcodebuild.*FDE75A67-D81A-4BDF-8E50-85F2E8DA3FF5, iproxy 51110, FDE75A67-D81A-4BDF-8E50-85F2E8DA3FF5.*XCTRunner' for the device FDE75A67-D81A-4BDF-8E50-85F2E8DA3FF5...
[debug] [XCUITest] 'pgrep -nif xcodebuild.*FDE75A67-D81A-4BDF-8E50-85F2E8DA3FF5' didn't detect any matching processes. Return code: 1
[debug] [XCUITest] 'pgrep -nif iproxy 51110' didn't detect any matching processes. Return code: 1
[debug] [XCUITest] 'pgrep -nif FDE75A67-D81A-4BDF-8E50-85F2E8DA3FF5.*XCTRunner' didn't detect any matching processes. Return code: 1
[debug] [XCUITest] Using Xcode 9.2, so fixing WDA codebase
[debug] [XCUITest] Beginning test with command 'xcodebuild build-for-testing test-without-building -project /usr/local/lib/node_modules/appium/node_modules/appium-xcuitest-driver/WebDriverAgent/WebDriverAgent.xcodeproj -scheme WebDriverAgentRunner -destination id=FDE75A67-D81A-4BDF-8E50-85F2E8DA3FF5 IPHONEOS_DEPLOYMENT_TARGET=11.2' in directory '/usr/local/lib/node_modules/appium/node_modules/appium-xcuitest-driver/WebDriverAgent'
[debug] [XCUITest] Output from xcodebuild will not be logged. To see xcode logging, use 'showXcodeLog' desired capability
[debug] [XCUITest] Waiting up to 60000ms for WebDriverAgent to start
[debug] [JSONWP Proxy] Proxying [GET /status] to [GET http://localhost:51110/status] with no body
[debug] [JSONWP Proxy] Proxying [GET /status] to [GET http://localhost:51110/status] with no body
[debug] [JSONWP Proxy] Proxying [GET /status] to [GET http://localhost:51110/status] with no body
[debug] [JSONWP Proxy] Proxying [GET /status] to [GET http://localhost:51110/status] with no body
[debug] [JSONWP Proxy] Proxying [GET /status] to [GET http://localhost:51110/status] with no body
[debug] [JSONWP Proxy] Proxying [GET /status] to [GET http://localhost:51110/status] with no body
[debug] [JSONWP Proxy] Proxying [GET /status] to [GET http://localhost:51110/status] with no body
[debug] [JSONWP Proxy] Proxying [GET /status] to [GET http://localhost:51110/status] with no body
[debug] [JSONWP Proxy] Proxying [GET /status] to [GET http://localhost:51110/status] with no body
[debug] [JSONWP Proxy] Proxying [GET /status] to [GET http://localhost:51110/status] with no body
[debug] [JSONWP Proxy] Proxying [GET /status] to [GET http://localhost:51110/status] with no body
[debug] [JSONWP Proxy] Proxying [GET /status] to [GET http://localhost:51110/status] with no body
[debug] [JSONWP Proxy] Proxying [GET /status] to [GET http://localhost:51110/status] with no body
[debug] [JSONWP Proxy] Proxying [GET /status] to [GET http://localhost:51110/status] with no body
[debug] [JSONWP Proxy] Proxying [GET /status] to [GET http://localhost:51110/status] with no body
[debug] [JSONWP Proxy] Proxying [GET /status] to [GET http://localhost:51110/status] with no body
[debug] [JSONWP Proxy] Proxying [GET /status] to [GET http://localhost:51110/status] with no body
[debug] [JSONWP Proxy] Proxying [GET /status] to [GET http://localhost:51110/status] with no body
[debug] [JSONWP Proxy] Proxying [GET /status] to [GET http://localhost:51110/status] with no body
[debug] [JSONWP Proxy] Proxying [GET /status] to [GET http://localhost:51110/status] with no body
[debug] [JSONWP Proxy] Proxying [GET /status] to [GET http://localhost:51110/status] with no body
[debug] [XCUITest] Log file for xcodebuild test: /var/folders/nm/yp1xh6b12dg_c2mz4s8k90n40000gq/T/com.apple.dt.XCTest/IDETestRunSession-ADACCE95-2606-49B8-BC29-D8DAEBBB65C3/WebDriverAgentRunner-CA67C008-47DA-4E31-A33B-714B620F3EB1/Session-WebDriverAgentRunner-2018-01-25_115520-h3R52S.log
[debug] [JSONWP Proxy] Proxying [GET /status] to [GET http://localhost:51110/status] with no body
[debug] [JSONWP Proxy] Proxying [GET /status] to [GET http://localhost:51110/status] with no body
[debug] [JSONWP Proxy] Proxying [GET /status] to [GET http://localhost:51110/status] with no body
[debug] [JSONWP Proxy] Proxying [GET /status] to [GET http://localhost:51110/status] with no body
[debug] [JSONWP Proxy] Proxying [GET /status] to [GET http://localhost:51110/status] with no body
[debug] [JSONWP Proxy] Proxying [GET /status] to [GET http://localhost:51110/status] with no body
[debug] [JSONWP Proxy] Proxying [GET /status] to [GET http://localhost:51110/status] with no body
[debug] [JSONWP Proxy] Proxying [GET /status] to [GET http://localhost:51110/status] with no body
[debug] [JSONWP Proxy] Proxying [GET /status] to [GET http://localhost:51110/status] with no body
[debug] [JSONWP Proxy] Proxying [GET /status] to [GET http://localhost:51110/status] with no body
[debug] [JSONWP Proxy] Proxying [GET /status] to [GET http://localhost:51110/status] with no body
[debug] [JSONWP Proxy] Proxying [GET /status] to [GET http://localhost:51110/status] with no body
[debug] [JSONWP Proxy] Proxying [GET /status] to [GET http://localhost:51110/status] with no body
[debug] [JSONWP Proxy] Proxying [GET /status] to [GET http://localhost:51110/status] with no body
[debug] [JSONWP Proxy] Proxying [GET /status] to [GET http://localhost:51110/status] with no body
[debug] [JSONWP Proxy] Proxying [GET /status] to [GET http://localhost:51110/status] with no body
[debug] [JSONWP Proxy] Proxying [GET /status] to [GET http://localhost:51110/status] with no body
[debug] [JSONWP Proxy] Proxying [GET /status] to [GET http://localhost:51110/status] with no body
[debug] [JSONWP Proxy] Proxying [GET /status] to [GET http://localhost:51110/status] with no body
[debug] [JSONWP Proxy] Proxying [GET /status] to [GET http://localhost:51110/status] with no body
[debug] [JSONWP Proxy] Proxying [GET /status] to [GET http://localhost:51110/status] with no body
[debug] [JSONWP Proxy] Proxying [GET /status] to [GET http://localhost:51110/status] with no body
[debug] [JSONWP Proxy] Proxying [GET /status] to [GET http://localhost:51110/status] with no body
[debug] [JSONWP Proxy] Proxying [GET /status] to [GET http://localhost:51110/status] with no body
[debug] [JSONWP Proxy] Proxying [GET /status] to [GET http://localhost:51110/status] with no body
[debug] [JSONWP Proxy] Proxying [GET /status] to [GET http://localhost:51110/status] with no body
[debug] [JSONWP Proxy] Proxying [GET /status] to [GET http://localhost:51110/status] with no body
[debug] [JSONWP Proxy] Proxying [GET /status] to [GET http://localhost:51110/status] with no body
[debug] [JSONWP Proxy] Proxying [GET /status] to [GET http://localhost:51110/status] with no body
[debug] [JSONWP Proxy] Proxying [GET /status] to [GET http://localhost:51110/status] with no body
[debug] [JSONWP Proxy] Proxying [GET /status] to [GET http://localhost:51110/status] with no body
[debug] [JSONWP Proxy] Proxying [GET /status] to [GET http://localhost:51110/status] with no body
[debug] [JSONWP Proxy] Proxying [GET /status] to [GET http://localhost:51110/status] with no body
[debug] [JSONWP Proxy] Proxying [GET /status] to [GET http://localhost:51110/status] with no body
[debug] [JSONWP Proxy] Proxying [GET /status] to [GET http://localhost:51110/status] with no body
[debug] [JSONWP Proxy] Proxying [GET /status] to [GET http://localhost:51110/status] with no body
[debug] [JSONWP Proxy] Proxying [GET /status] to [GET http://localhost:51110/status] with no body
[debug] [JSONWP Proxy] Proxying [GET /status] to [GET http://localhost:51110/status] with no body
[debug] [JSONWP Proxy] Proxying [GET /status] to [GET http://localhost:51110/status] with no body
[debug] [JSONWP Proxy] Proxying [GET /status] to [GET http://localhost:51110/status] with no body
[debug] [JSONWP Proxy] Proxying [GET /status] to [GET http://localhost:51110/status] with no body
[debug] [JSONWP Proxy] Proxying [GET /status] to [GET http://localhost:51110/status] with no body
[debug] [JSONWP Proxy] Proxying [GET /status] to [GET http://localhost:51110/status] with no body
[debug] [JSONWP Proxy] Proxying [GET /status] to [GET http://localhost:51110/status] with no body
[debug] [JSONWP Proxy] Proxying [GET /status] to [GET http://localhost:51110/status] with no body
[debug] [JSONWP Proxy] Proxying [GET /status] to [GET http://localhost:51110/status] with no body
[debug] [JSONWP Proxy] Proxying [GET /status] to [GET http://localhost:51110/status] with no body
[debug] [JSONWP Proxy] Proxying [GET /status] to [GET http://localhost:51110/status] with no body
[debug] [JSONWP Proxy] Proxying [GET /status] to [GET http://localhost:51110/status] with no body
[debug] [JSONWP Proxy] Proxying [GET /status] to [GET http://localhost:51110/status] with no body
[debug] [JSONWP Proxy] Proxying [GET /status] to [GET http://localhost:51110/status] with no body
[debug] [JSONWP Proxy] Proxying [GET /status] to [GET http://localhost:51110/status] with no body
[debug] [JSONWP Proxy] Proxying [GET /status] to [GET http://localhost:51110/status] with no body
[debug] [JSONWP Proxy] Proxying [GET /status] to [GET http://localhost:51110/status] with no body
[debug] [JSONWP Proxy] Proxying [GET /status] to [GET http://localhost:51110/status] with no body
[debug] [JSONWP Proxy] Proxying [GET /status] to [GET http://localhost:51110/status] with no body
[debug] [JSONWP Proxy] Proxying [GET /status] to [GET http://localhost:51110/status] with no body
[debug] [JSONWP Proxy] Proxying [GET /status] to [GET http://localhost:51110/status] with no body
[debug] [JSONWP Proxy] Proxying [GET /status] to [GET http://localhost:51110/status] with no body
[debug] [JSONWP Proxy] Proxying [GET /status] to [GET http://localhost:51110/status] with no body
[debug] [JSONWP Proxy] Proxying [GET /status] to [GET http://localhost:51110/status] with no body
[debug] [JSONWP Proxy] Proxying [GET /status] to [GET http://localhost:51110/status] with no body
[debug] [JSONWP Proxy] Proxying [GET /status] to [GET http://localhost:51110/status] with no body
[debug] [JSONWP Proxy] Proxying [GET /status] to [GET http://localhost:51110/status] with no body
[debug] [JSONWP Proxy] Proxying [GET /status] to [GET http://localhost:51110/status] with no body
[debug] [JSONWP Proxy] Proxying [GET /status] to [GET http://localhost:51110/status] with no body
[debug] [JSONWP Proxy] Proxying [GET /status] to [GET http://localhost:51110/status] with no body
[debug] [JSONWP Proxy] Proxying [GET /status] to [GET http://localhost:51110/status] with no body
[debug] [JSONWP Proxy] Proxying [GET /status] to [GET http://localhost:51110/status] with no body
[debug] [JSONWP Proxy] Proxying [GET /status] to [GET http://localhost:51110/status] with no body
[debug] [JSONWP Proxy] Proxying [GET /status] to [GET http://localhost:51110/status] with no body
[debug] [JSONWP Proxy] Proxying [GET /status] to [GET http://localhost:51110/status] with no body
[debug] [JSONWP Proxy] Proxying [GET /status] to [GET http://localhost:51110/status] with no body
[debug] [JSONWP Proxy] Proxying [GET /status] to [GET http://localhost:51110/status] with no body
[debug] [JSONWP Proxy] Proxying [GET /status] to [GET http://localhost:51110/status] with no body
[debug] [JSONWP Proxy] Proxying [GET /status] to [GET http://localhost:51110/status] with no body
[debug] [JSONWP Proxy] Proxying [GET /status] to [GET http://localhost:51110/status] with no body
[debug] [JSONWP Proxy] Proxying [GET /status] to [GET http://localhost:51110/status] with no body
[debug] [JSONWP Proxy] Proxying [GET /status] to [GET http://localhost:51110/status] with no body
[debug] [JSONWP Proxy] Proxying [GET /status] to [GET http://localhost:51110/status] with no body
[debug] [JSONWP Proxy] Proxying [GET /status] to [GET http://localhost:51110/status] with no body
[debug] [JSONWP Proxy] Proxying [GET /status] to [GET http://localhost:51110/status] with no body
[debug] [JSONWP Proxy] Proxying [GET /status] to [GET http://localhost:51110/status] with no body
[debug] [JSONWP Proxy] Proxying [GET /status] to [GET http://localhost:51110/status] with no body
[debug] [JSONWP Proxy] Proxying [GET /status] to [GET http://localhost:51110/status] with no body
[debug] [JSONWP Proxy] Proxying [GET /status] to [GET http://localhost:51110/status] with no body
[debug] [JSONWP Proxy] Proxying [GET /status] to [GET http://localhost:51110/status] with no body
[debug] [JSONWP Proxy] Proxying [GET /status] to [GET http://localhost:51110/status] with no body
[debug] [JSONWP Proxy] Proxying [GET /status] to [GET http://localhost:51110/status] with no body
[debug] [JSONWP Proxy] Proxying [GET /status] to [GET http://localhost:51110/status] with no body
[debug] [JSONWP Proxy] Proxying [GET /status] to [GET http://localhost:51110/status] with no body
[debug] [JSONWP Proxy] Proxying [GET /status] to [GET http://localhost:51110/status] with no body
[debug] [JSONWP Proxy] Proxying [GET /status] to [GET http://localhost:51110/status] with no body
[debug] [JSONWP Proxy] Proxying [GET /status] to [GET http://localhost:51110/status] with no body
[debug] [JSONWP Proxy] Proxying [GET /status] to [GET http://localhost:51110/status] with no body
[debug] [JSONWP Proxy] Proxying [GET /status] to [GET http://localhost:51110/status] with no body
[debug] [JSONWP Proxy] Proxying [GET /status] to [GET http://localhost:51110/status] with no body
[debug] [JSONWP Proxy] Proxying [GET /status] to [GET http://localhost:51110/status] with no body
[debug] [JSONWP Proxy] Proxying [GET /status] to [GET http://localhost:51110/status] with no body
[debug] [XCUITest] Unable to connect to running WebDriverAgent: Could not proxy command to remote server. Original error: Error: connect ECONNREFUSED 127.0.0.1:51110
[XCUITest] Getting status of WebDriverAgent on device timed out. Continuing
[debug] [BaseDriver] Event 'wdaSessionAttempted' logged at 1516856171043 (11:56:11 GMT+0700 (+07))
[debug] [XCUITest] Sending createSession command to WDA
[debug] [JSONWP Proxy] Proxying [GET /status] to [GET http://localhost:51110/status] with no body
[debug] [XCUITest] Failed to create WDA session. Retrying...
[debug] [BaseDriver] Event 'wdaSessionAttempted' logged at 1516856172056 (11:56:12 GMT+0700 (+07))
[debug] [XCUITest] Sending createSession command to WDA
[debug] [JSONWP Proxy] Proxying [GET /status] to [GET http://localhost:51110/status] with no body
[debug] [XCUITest] Failed to create WDA session. Retrying...
[debug] [BaseDriver] Event 'wdaSessionAttempted' logged at 1516856173062 (11:56:13 GMT+0700 (+07))
[debug] [XCUITest] Sending createSession command to WDA
[debug] [JSONWP Proxy] Proxying [GET /status] to [GET http://localhost:51110/status] with no body
[debug] [XCUITest] Failed to create WDA session. Retrying...
[debug] [BaseDriver] Event 'wdaSessionAttempted' logged at 1516856174068 (11:56:14 GMT+0700 (+07))
[debug] [XCUITest] Sending createSession command to WDA
[debug] [JSONWP Proxy] Proxying [GET /status] to [GET http://localhost:51110/status] with no body
[debug] [XCUITest] Failed to create WDA session. Retrying...
[debug] [BaseDriver] Event 'wdaSessionAttempted' logged at 1516856175071 (11:56:15 GMT+0700 (+07))
[debug] [XCUITest] Sending createSession command to WDA
[debug] [JSONWP Proxy] Proxying [GET /status] to [GET http://localhost:51110/status] with no body
[debug] [XCUITest] Failed to create WDA session. Retrying...
[debug] [BaseDriver] Event 'wdaSessionAttempted' logged at 1516856176131 (11:56:16 GMT+0700 (+07))
[debug] [XCUITest] Sending createSession command to WDA
[debug] [JSONWP Proxy] Proxying [GET /status] to [GET http://localhost:51110/status] with no body
[debug] [XCUITest] Failed to create WDA session. Retrying...
[debug] [BaseDriver] Event 'wdaSessionAttempted' logged at 1516856177138 (11:56:17 GMT+0700 (+07))
[debug] [XCUITest] Sending createSession command to WDA
[debug] [JSONWP Proxy] Proxying [GET /status] to [GET http://localhost:51110/status] with no body
[debug] [XCUITest] Failed to create WDA session. Retrying...
[debug] [BaseDriver] Event 'wdaSessionAttempted' logged at 1516856178143 (11:56:18 GMT+0700 (+07))
[debug] [XCUITest] Sending createSession command to WDA
[debug] [JSONWP Proxy] Proxying [GET /status] to [GET http://localhost:51110/status] with no body
[debug] [XCUITest] Failed to create WDA session. Retrying...
[debug] [BaseDriver] Event 'wdaSessionAttempted' logged at 1516856179149 (11:56:19 GMT+0700 (+07))
[debug] [XCUITest] Sending createSession command to WDA
[debug] [JSONWP Proxy] Proxying [GET /status] to [GET http://localhost:51110/status] with no body
[debug] [XCUITest] Failed to create WDA session. Retrying...
[debug] [BaseDriver] Event 'wdaSessionAttempted' logged at 1516856180158 (11:56:20 GMT+0700 (+07))
[debug] [XCUITest] Sending createSession command to WDA
[debug] [JSONWP Proxy] Proxying [GET /status] to [GET http://localhost:51110/status] with no body
[debug] [XCUITest] Failed to create WDA session. Retrying...
[debug] [BaseDriver] Event 'wdaSessionAttempted' logged at 1516856181160 (11:56:21 GMT+0700 (+07))
[debug] [XCUITest] Sending createSession command to WDA
[debug] [JSONWP Proxy] Proxying [GET /status] to [GET http://localhost:51110/status] with no body
[debug] [XCUITest] Failed to create WDA session. Retrying...
[debug] [BaseDriver] Event 'wdaSessionAttempted' logged at 1516856182167 (11:56:22 GMT+0700 (+07))
[debug] [XCUITest] Sending createSession command to WDA
[debug] [JSONWP Proxy] Proxying [GET /status] to [GET http://localhost:51110/status] with no body
[debug] [XCUITest] Failed to create WDA session. Retrying...
[debug] [BaseDriver] Event 'wdaSessionAttempted' logged at 1516856183175 (11:56:23 GMT+0700 (+07))
[debug] [XCUITest] Sending createSession command to WDA
[debug] [JSONWP Proxy] Proxying [GET /status] to [GET http://localhost:51110/status] with no body
[debug] [XCUITest] Failed to create WDA session. Retrying...
[debug] [BaseDriver] Event 'wdaSessionAttempted' logged at 1516856184181 (11:56:24 GMT+0700 (+07))
[debug] [XCUITest] Sending createSession command to WDA
[debug] [JSONWP Proxy] Proxying [GET /status] to [GET http://localhost:51110/status] with no body
[debug] [XCUITest] Failed to create WDA session. Retrying...
[debug] [BaseDriver] Event 'wdaSessionAttempted' logged at 1516856185185 (11:56:25 GMT+0700 (+07))
[debug] [XCUITest] Sending createSession command to WDA
[debug] [JSONWP Proxy] Proxying [GET /status] to [GET http://localhost:51110/status] with no body
[debug] [XCUITest] Failed to create WDA session. Retrying...
[debug] [XCUITest] Unable to start WebDriverAgent session because of xcodebuild failure: "Could not proxy command to remote server. Original error: Error: connect ECONNREFUSED 127.0.0.1:51110".
[debug] [XCUITest] Quitting and uninstalling WebDriverAgent, then retrying
[XCUITest] Shutting down sub-processes
[XCUITest] Shutting down xcodebuild process (pid 8280)
[XCUITest] xcodebuild exited with code 'null' and signal 'SIGTERM'
[debug] [XCUITest] Removing WDA application from device
[debug] [BaseDriver] Event 'wdaStartAttempted' logged at 1516856203535 (11:56:43 GMT+0700 (+07))
[XCUITest] Launching WebDriverAgent on the device
[debug] [XCUITest] Carthage found: '/Applications/Katalon Studio.app/Contents/Eclipse/configuration/resources/tools/carthage/0.18.1/etc/bash_completion.d/carthage'
[debug] [XCUITest] Killing running processes 'xcodebuild.*FDE75A67-D81A-4BDF-8E50-85F2E8DA3FF5, iproxy 51110, FDE75A67-D81A-4BDF-8E50-85F2E8DA3FF5.*XCTRunner' for the device FDE75A67-D81A-4BDF-8E50-85F2E8DA3FF5...
[debug] [XCUITest] 'pgrep -nif xcodebuild.*FDE75A67-D81A-4BDF-8E50-85F2E8DA3FF5' didn't detect any matching processes. Return code: 1
[debug] [XCUITest] 'pgrep -nif iproxy 51110' didn't detect any matching processes. Return code: 1
[debug] [XCUITest] 'pgrep -nif FDE75A67-D81A-4BDF-8E50-85F2E8DA3FF5.*XCTRunner' didn't detect any matching processes. Return code: 1
[debug] [XCUITest] Using Xcode 9.2, so fixing WDA codebase
[debug] [XCUITest] Beginning test with command 'xcodebuild build-for-testing test-without-building -project /usr/local/lib/node_modules/appium/node_modules/appium-xcuitest-driver/WebDriverAgent/WebDriverAgent.xcodeproj -scheme WebDriverAgentRunner -destination id=FDE75A67-D81A-4BDF-8E50-85F2E8DA3FF5 IPHONEOS_DEPLOYMENT_TARGET=11.2' in directory '/usr/local/lib/node_modules/appium/node_modules/appium-xcuitest-driver/WebDriverAgent'
[debug] [XCUITest] Output from xcodebuild will not be logged. To see xcode logging, use 'showXcodeLog' desired capability
[debug] [XCUITest] Waiting up to 60000ms for WebDriverAgent to start
[debug] [JSONWP Proxy] Proxying [GET /status] to [GET http://localhost:51110/status] with no body
[debug] [JSONWP Proxy] Proxying [GET /status] to [GET http://localhost:51110/status] with no body
[debug] [JSONWP Proxy] Proxying [GET /status] to [GET http://localhost:51110/status] with no body
[debug] [JSONWP Proxy] Proxying [GET /status] to [GET http://localhost:51110/status] with no body
[debug] [JSONWP Proxy] Proxying [GET /status] to [GET http://localhost:51110/status] with no body
[debug] [JSONWP Proxy] Proxying [GET /status] to [GET http://localhost:51110/status] with no body
[debug] [JSONWP Proxy] Proxying [GET /status] to [GET http://localhost:51110/status] with no body
[debug] [XCUITest] Log file for xcodebuild test: /var/folders/nm/yp1xh6b12dg_c2mz4s8k90n40000gq/T/com.apple.dt.XCTest/IDETestRunSession-3EEF11DC-E27C-4C8F-9495-8E7E0B9FB620/WebDriverAgentRunner-07EAEAB1-9D96-4742-9767-F00B7D2AB3F8/Session-WebDriverAgentRunner-2018-01-25_115655-LyybJl.log
[debug] [JSONWP Proxy] Proxying [GET /status] to [GET http://localhost:51110/status] with no body
[debug] [JSONWP Proxy] Proxying [GET /status] to [GET http://localhost:51110/status] with no body
[debug] [JSONWP Proxy] Proxying [GET /status] to [GET http://localhost:51110/status] with no body
[debug] [JSONWP Proxy] Proxying [GET /status] to [GET http://localhost:51110/status] with no body
[debug] [JSONWP Proxy] Proxying [GET /status] to [GET http://localhost:51110/status] with no body
[debug] [JSONWP Proxy] Proxying [GET /status] to [GET http://localhost:51110/status] with no body
[debug] [JSONWP Proxy] Proxying [GET /status] to [GET http://localhost:51110/status] with no body
[debug] [JSONWP Proxy] Proxying [GET /status] to [GET http://localhost:51110/status] with no body
[debug] [JSONWP Proxy] Proxying [GET /status] to [GET http://localhost:51110/status] with no body
[debug] [JSONWP Proxy] Proxying [GET /status] to [GET http://localhost:51110/status] with no body
[debug] [JSONWP Proxy] Proxying [GET /status] to [GET http://localhost:51110/status] with no body
[debug] [JSONWP Proxy] Proxying [GET /status] to [GET http://localhost:51110/status] with no body
[debug] [JSONWP Proxy] Proxying [GET /status] to [GET http://localhost:51110/status] with no body
[debug] [JSONWP Proxy] Proxying [GET /status] to [GET http://localhost:51110/status] with no body
[debug] [JSONWP Proxy] Proxying [GET /status] to [GET http://localhost:51110/status] with no body
[debug] [JSONWP Proxy] Proxying [GET /status] to [GET http://localhost:51110/status] with no body
[debug] [JSONWP Proxy] Proxying [GET /status] to [GET http://localhost:51110/status] with no body
[debug] [JSONWP Proxy] Proxying [GET /status] to [GET http://localhost:51110/status] with no body
[debug] [JSONWP Proxy] Proxying [GET /status] to [GET http://localhost:51110/status] with no body
[debug] [JSONWP Proxy] Proxying [GET /status] to [GET http://localhost:51110/status] with no body
[debug] [JSONWP Proxy] Proxying [GET /status] to [GET http://localhost:51110/status] with no body
[debug] [JSONWP Proxy] Proxying [GET /status] to [GET http://localhost:51110/status] with no body
[debug] [JSONWP Proxy] Proxying [GET /status] to [GET http://localhost:51110/status] with no body
[debug] [JSONWP Proxy] Proxying [GET /status] to [GET http://localhost:51110/status] with no body
[debug] [JSONWP Proxy] Proxying [GET /status] to [GET http://localhost:51110/status] with no body
[debug] [JSONWP Proxy] Proxying [GET /status] to [GET http://localhost:51110/status] with no body
[debug] [JSONWP Proxy] Proxying [GET /status] to [GET http://localhost:51110/status] with no body
[debug] [JSONWP Proxy] Proxying [GET /status] to [GET http://localhost:51110/status] with no body
[debug] [JSONWP Proxy] Proxying [GET /status] to [GET http://localhost:51110/status] with no body
[debug] [JSONWP Proxy] Proxying [GET /status] to [GET http://localhost:51110/status] with no body
[debug] [JSONWP Proxy] Proxying [GET /status] to [GET http://localhost:51110/status] with no body
[debug] [JSONWP Proxy] Proxying [GET /status] to [GET http://localhost:51110/status] with no body
[debug] [JSONWP Proxy] Proxying [GET /status] to [GET http://localhost:51110/status] with no body
[debug] [JSONWP Proxy] Proxying [GET /status] to [GET http://localhost:51110/status] with no body
[debug] [JSONWP Proxy] Proxying [GET /status] to [GET http://localhost:51110/status] with no body
[debug] [JSONWP Proxy] Proxying [GET /status] to [GET http://localhost:51110/status] with no body
[debug] [JSONWP Proxy] Proxying [GET /status] to [GET http://localhost:51110/status] with no body
[debug] [JSONWP Proxy] Proxying [GET /status] to [GET http://localhost:51110/status] with no body
[debug] [JSONWP Proxy] Proxying [GET /status] to [GET http://localhost:51110/status] with no body
[debug] [JSONWP Proxy] Proxying [GET /status] to [GET http://localhost:51110/status] with no body
[debug] [JSONWP Proxy] Proxying [GET /status] to [GET http://localhost:51110/status] with no body
[debug] [JSONWP Proxy] Proxying [GET /status] to [GET http://localhost:51110/status] with no body
[debug] [JSONWP Proxy] Proxying [GET /status] to [GET http://localhost:51110/status] with no body
[debug] [JSONWP Proxy] Proxying [GET /status] to [GET http://localhost:51110/status] with no body
[debug] [JSONWP Proxy] Proxying [GET /status] to [GET http://localhost:51110/status] with no body
[debug] [JSONWP Proxy] Proxying [GET /status] to [GET http://localhost:51110/status] with no body
[debug] [JSONWP Proxy] Proxying [GET /status] to [GET http://localhost:51110/status] with no body
[debug] [JSONWP Proxy] Proxying [GET /status] to [GET http://localhost:51110/status] with no body
[debug] [JSONWP Proxy] Proxying [GET /status] to [GET http://localhost:51110/status] with no body
[debug] [JSONWP Proxy] Proxying [GET /status] to [GET http://localhost:51110/status] with no body
[debug] [JSONWP Proxy] Proxying [GET /status] to [GET http://localhost:51110/status] with no body
[debug] [JSONWP Proxy] Proxying [GET /status] to [GET http://localhost:51110/status] with no body
[debug] [JSONWP Proxy] Proxying [GET /status] to [GET http://localhost:51110/status] with no body
[debug] [JSONWP Proxy] Proxying [GET /status] to [GET http://localhost:51110/status] with no body
[debug] [JSONWP Proxy] Proxying [GET /status] to [GET http://localhost:51110/status] with no body
[debug] [JSONWP Proxy] Proxying [GET /status] to [GET http://localhost:51110/status] with no body
[debug] [JSONWP Proxy] Proxying [GET /status] to [GET http://localhost:51110/status] with no body
[debug] [JSONWP Proxy] Got response with status 200: "{\n  \"value\" : {\n    \"state\" : \"success\",\n    \"os\" : {\n      \"name\" : \"iOS\",\n      \"version\" : \"11.2\"\n    },\n    \"ios\" : {\n      \"simulatorVersion\" : \"11.2\",\n      \"ip\" : \"192.168.2.30\"\n    },\n    \"build\" : {\n      \"time\" : \"Jan 25 2018 10:53:54\"\n    }\n  },\n  \"sessionId\" : \"3235AE8A-24DF-4CEF-AA52-8520CCCA2165\",\n  \"status\" : 0\n}"
[debug] [XCUITest] WebDriverAgent running on ip '192.168.2.30'
[debug] [XCUITest] WebDriverAgent successfully started after 40342ms
[debug] [BaseDriver] Event 'wdaSessionAttempted' logged at 1516856244345 (11:57:24 GMT+0700 (+07))
[debug] [XCUITest] Sending createSession command to WDA
[debug] [JSONWP Proxy] Proxying [POST /session] to [POST http://localhost:51110/session] with body: {"desiredCapabilities":{"bundleId":"com.20scoops.Arbotena.Development","arguments":[],"environment":{},"shouldWaitForQuiescence":true,"shouldUseTestManagerForVisibilityDetection":false,"maxTypingFrequency":60,"shouldUseSingletonTestManager":true}}
[debug] [JSONWP Proxy] Got response with status 200: {"value":{"sessionId":"F523A054-5E14-4578-893D-DD1CA39FF0D5","capabilities":{"device":"iphone","browserName":null,"sdkVersion":"11.2","CFBundleIdentifier":null}},"sessionId":"F523A054-5E14-4578-893D-DD1CA39FF0D5","status":0}
[debug] [BaseDriver] Event 'wdaSessionStarted' logged at 1516856570165 (12:02:50 GMT+0700 (+07))
[debug] [XCUITest] Cannot find a match for DerivedData folder path from lsof. Trying to access logs
[XCUITest] Setting '555' permissions to '/Users/aekachaiboonruang/Library/Developer/Xcode/DerivedData/WebDriverAgent-brdadhpuduowllgivnnvuygpwhzy/Logs/Test/Attachments' folder
[debug] [BaseDriver] Event 'wdaPermsAdjusted' logged at 1516856570464 (12:02:50 GMT+0700 (+07))
[debug] [BaseDriver] Event 'wdaStarted' logged at 1516856570465 (12:02:50 GMT+0700 (+07))
[debug] [XCUITest] Setting initial orientation to 'PORTRAIT'
[debug] [JSONWP Proxy] Proxying [POST /orientation] to [POST http://localhost:51110/session/F523A054-5E14-4578-893D-DD1CA39FF0D5/orientation] with body: {"orientation":"PORTRAIT"}
[debug] [JSONWP Proxy] Got response with status 200: {"value":{},"sessionId":"F523A054-5E14-4578-893D-DD1CA39FF0D5","status":0}
[debug] [BaseDriver] Event 'orientationSet' logged at 1516856571826 (12:02:51 GMT+0700 (+07))
[Appium] New XCUITestDriver session created successfully, session 9015dea8-070c-4ad1-91bc-ed30ebac8926 added to master session list
[debug] [BaseDriver] Event 'newSessionStarted' logged at 1516856571829 (12:02:51 GMT+0700 (+07))
[debug] [MJSONWP] Responding to client with driver.createSession() result: {"webStorageEnabled":false,"locationContextEnabled":false,"browserName":"","platform":"IOS","javascriptEnabled":true,"databaseEnabled":false,"takesScreenshot":true,"networkConnectionEnabled":false,"app":"/Users/aekachaiboonruang/Desktop/DEV-Arbotena.app","automationName":"XCUITest","deviceId":"FDE75A67-D81A-4BDF-8E50-85F2E8DA3FF5","deviceName":"iPhone 7","fullReset":true,"newCommandTimeout":1800,"noReset":false,"platformName":"iOS","platformVersion":"11.2","realDeviceLogger":"/Applications/Katalon Studio.app/Contents/Eclipse/configuration/resources/tools/deviceconsole/deviceconsole","waitForAppScript":"true;","waitForQuiescence":true,"wdaLocalPort":51110,"udid":"FDE75A67-D81A-4BDF-8E50-85F2E8DA3FF5"}
[XCUITest] xcodebuild exited with code 'null' and signal 'SIGINT'
[BaseDriver] Shutting down because we waited 1800 seconds for a command
[Appium] Closing session, cause was 'New Command Timeout of 1800 seconds expired. Try customizing the timeout using the 'newCommandTimeout' desired capability'
[Appium] Removing session 9015dea8-070c-4ad1-91bc-ed30ebac8926 from our master session list
[XCUITest] Setting '755' permissions to '/Users/aekachaiboonruang/Library/Developer/Xcode/DerivedData/WebDriverAgent-brdadhpuduowllgivnnvuygpwhzy/Logs/Test/Attachments' folder
[debug] [XCUITest] Not clearing log files. Use `clearSystemFiles` capability to turn on.
[debug] [iOSLog] Stopping iOS log capture
[Appium] Received SIGTERM - shutting down
