<?xml version="1.0" encoding="UTF-8" standalone="no"?>
<!DOCTYPE log SYSTEM "logger.dtd">
<log>
<record>
  <date>2018-01-25T11:34:39</date>
  <millis>1516854879284</millis>
  <sequence>0</sequence>
  <level>START</level>
  <class>com.kms.katalon.core.logging.KeywordLogger</class>
  <method>startSuite</method>
  <thread>1</thread>
  <message>Start Test Suite : TS_Login</message>
  <nestedLevel>0</nestedLevel>
  <property name="name">TS_Login</property>
  <property name="description"></property>
  <property name="id">Test Suites/TS_Login</property>
</record>
<record>
  <date>2018-01-25T11:34:39</date>
  <millis>1516854879369</millis>
  <sequence>1</sequence>
  <level>RUN_DATA</level>
  <class>com.kms.katalon.core.logging.KeywordLogger</class>
  <method>logMessage</method>
  <thread>1</thread>
  <message>Logging run data &amp;apos;hostName&amp;apos; with value &amp;apos;aekachaiboonruang - pondthaitay.local&amp;apos;</message>
  <nestedLevel>0</nestedLevel>
  <property name="hostName">aekachaiboonruang - pondthaitay.local</property>
</record>
<record>
  <date>2018-01-25T11:34:39</date>
  <millis>1516854879370</millis>
  <sequence>2</sequence>
  <level>RUN_DATA</level>
  <class>com.kms.katalon.core.logging.KeywordLogger</class>
  <method>logMessage</method>
  <thread>1</thread>
  <message>Logging run data &amp;apos;os&amp;apos; with value &amp;apos;Mac OS X 64bit&amp;apos;</message>
  <nestedLevel>0</nestedLevel>
  <property name="os">Mac OS X 64bit</property>
</record>
<record>
  <date>2018-01-25T11:34:39</date>
  <millis>1516854879370</millis>
  <sequence>3</sequence>
  <level>RUN_DATA</level>
  <class>com.kms.katalon.core.logging.KeywordLogger</class>
  <method>logMessage</method>
  <thread>1</thread>
  <message>Logging run data &amp;apos;hostAddress&amp;apos; with value &amp;apos;169.254.148.176&amp;apos;</message>
  <nestedLevel>0</nestedLevel>
  <property name="hostAddress">169.254.148.176</property>
</record>
<record>
  <date>2018-01-25T11:34:39</date>
  <millis>1516854879386</millis>
  <sequence>4</sequence>
  <level>RUN_DATA</level>
  <class>com.kms.katalon.core.logging.KeywordLogger</class>
  <method>logMessage</method>
  <thread>1</thread>
  <message>Logging run data &amp;apos;katalonVersion&amp;apos; with value &amp;apos;5.2.0.1&amp;apos;</message>
  <nestedLevel>0</nestedLevel>
  <property name="katalonVersion">5.2.0.1</property>
</record>
<record>
  <date>2018-01-25T11:34:39</date>
  <millis>1516854879663</millis>
  <sequence>5</sequence>
  <level>START</level>
  <class>com.kms.katalon.core.logging.KeywordLogger</class>
  <method>startTest</method>
  <thread>1</thread>
  <message>Start Test Case : Test Cases/Detail Checklist iOS</message>
  <nestedLevel>1</nestedLevel>
  <property name="name">Test Cases/Detail Checklist iOS</property>
  <property name="description"></property>
  <property name="id">Test Cases/Detail Checklist iOS</property>
  <property name="source">\\Users\\aekachaiboonruang\\Katalon Studio\\mobileTest Cases\\Detail Checklist iOS.tc</property>
  <property name="isOptional">false</property>
</record>
<record>
  <date>2018-01-25T11:34:39</date>
  <millis>1516854879774</millis>
  <sequence>6</sequence>
  <level>INFO</level>
  <class>com.kms.katalon.core.logging.KeywordLogger</class>
  <method>logMessage</method>
  <thread>1</thread>
  <message>Evaluating variables for test case</message>
  <nestedLevel>1</nestedLevel>
</record>
<record>
  <date>2018-01-25T11:34:39</date>
  <millis>1516854879956</millis>
  <sequence>7</sequence>
  <level>START</level>
  <class>com.kms.katalon.core.logging.KeywordLogger</class>
  <method>startKeyword</method>
  <thread>1</thread>
  <message>Start action : startApplication</message>
  <nestedLevel>1</nestedLevel>
  <property name="startLine">22</property>
  <property name="stepIndex">1</property>
</record>
<record>
  <date>2018-01-25T11:34:40</date>
  <millis>1516854880082</millis>
  <sequence>8</sequence>
  <level>INFO</level>
  <class>com.kms.katalon.core.logging.KeywordLogger</class>
  <method>logMessage</method>
  <thread>1</thread>
  <message>Starting app at: &amp;apos;/Users/aekachaiboonruang/Desktop/DEV-Arbotena.app&amp;apos;</message>
  <nestedLevel>1</nestedLevel>
</record>
<record>
  <date>2018-01-25T11:34:40</date>
  <millis>1516854880111</millis>
  <sequence>9</sequence>
  <level>INFO</level>
  <class>com.kms.katalon.core.logging.KeywordLogger</class>
  <method>logMessage</method>
  <thread>1</thread>
  <message>User set preference: [&amp;apos;platformName&amp;apos;, &amp;apos;iOS&amp;apos;]</message>
  <nestedLevel>1</nestedLevel>
</record>
<record>
  <date>2018-01-25T11:34:40</date>
  <millis>1516854880112</millis>
  <sequence>10</sequence>
  <level>INFO</level>
  <class>com.kms.katalon.core.logging.KeywordLogger</class>
  <method>logMessage</method>
  <thread>1</thread>
  <message>User set preference: [&amp;apos;platformVersion&amp;apos;, &amp;apos;11.2&amp;apos;]</message>
  <nestedLevel>1</nestedLevel>
</record>
<record>
  <date>2018-01-25T11:34:40</date>
  <millis>1516854880113</millis>
  <sequence>11</sequence>
  <level>INFO</level>
  <class>com.kms.katalon.core.logging.KeywordLogger</class>
  <method>logMessage</method>
  <thread>1</thread>
  <message>User set preference: [&amp;apos;deviceName&amp;apos;, &amp;apos;iPhone 7&amp;apos;]</message>
  <nestedLevel>1</nestedLevel>
</record>
<record>
  <date>2018-01-25T11:34:40</date>
  <millis>1516854880114</millis>
  <sequence>12</sequence>
  <level>INFO</level>
  <class>com.kms.katalon.core.logging.KeywordLogger</class>
  <method>logMessage</method>
  <thread>1</thread>
  <message>User set preference: [&amp;apos;app&amp;apos;, &amp;apos;/Users/aekachaiboonruang/Library/Developer/Xcode/DerivedData/Arbotena-eqpmmstrpfpjmrewthqjnxsjrwgb/Build/Products/Debug-iphonesimulator/DEV-Arbotena.app&amp;apos;]</message>
  <nestedLevel>1</nestedLevel>
</record>
<record>
  <date>2018-01-25T11:34:40</date>
  <millis>1516854880114</millis>
  <sequence>13</sequence>
  <level>INFO</level>
  <class>com.kms.katalon.core.logging.KeywordLogger</class>
  <method>logMessage</method>
  <thread>1</thread>
  <message>User set preference: [&amp;apos;noReset&amp;apos;, &amp;apos;true&amp;apos;]</message>
  <nestedLevel>1</nestedLevel>
</record>
<record>
  <date>2018-01-25T11:34:40</date>
  <millis>1516854880114</millis>
  <sequence>14</sequence>
  <level>INFO</level>
  <class>com.kms.katalon.core.logging.KeywordLogger</class>
  <method>logMessage</method>
  <thread>1</thread>
  <message>User set preference: [&amp;apos;waitForQuiescence&amp;apos;, &amp;apos;true&amp;apos;]</message>
  <nestedLevel>1</nestedLevel>
</record>
<record>
  <date>2018-01-25T11:34:40</date>
  <millis>1516854880115</millis>
  <sequence>15</sequence>
  <level>INFO</level>
  <class>com.kms.katalon.core.logging.KeywordLogger</class>
  <method>logMessage</method>
  <thread>1</thread>
  <message>User set preference: [&amp;apos;deviceId&amp;apos;, &amp;apos;FDE75A67-D81A-4BDF-8E50-85F2E8DA3FF5&amp;apos;]</message>
  <nestedLevel>1</nestedLevel>
</record>
<record>
  <date>2018-01-25T11:34:41</date>
  <millis>1516854881757</millis>
  <sequence>16</sequence>
  <level>INFO</level>
  <class>com.kms.katalon.core.logging.KeywordLogger</class>
  <method>logMessage</method>
  <thread>1</thread>
  <message>ios_webkit_debug_proxy server started on port 51111</message>
  <nestedLevel>1</nestedLevel>
</record>
<record>
  <date>2018-01-25T11:35:01</date>
  <millis>1516854901954</millis>
  <sequence>17</sequence>
  <level>INFO</level>
  <class>com.kms.katalon.core.logging.KeywordLogger</class>
  <method>logMessage</method>
  <thread>1</thread>
  <message>Appium server started on port 51,113</message>
  <nestedLevel>1</nestedLevel>
</record>
</log>
